<?xml version="1.0" encoding="UTF-8"?>
<testng-results ignored="0" total="0" passed="0" failed="0" skipped="0">
  <reporter-output>
  </reporter-output>
  <suite started-at="2024-11-02T08:36:10 IST" name="Default suite" finished-at="2024-11-02T08:36:10 IST" duration-ms="237">
    <groups>
      <group name="cucumber">
        <method signature="AbstractTestNGCucumberTests.runScenario(io.cucumber.testng.PickleWrapper,io.cucumber.testng.FeatureWrapper)[pri:0, instance:testRunner.AppTest@cb0755b]" name="runScenario" class="io.cucumber.testng.AbstractTestNGCucumberTests"/>
      </group> <!-- cucumber -->
    </groups>
    <test started-at="2024-11-02T08:36:10 IST" name="Default test" finished-at="2024-11-02T08:36:10 IST" duration-ms="237">
      <class name="testRunner.AppTest">
        <test-method is-config="true" signature="setUpClass(org.testng.ITestContext)[pri:0, instance:testRunner.AppTest@cb0755b]" started-at="2024-11-02T08:36:10 IST" name="setUpClass" finished-at="2024-11-02T08:36:10 IST" duration-ms="208" status="PASS">
          <params>
            <param index="0">
              <value>
                <![CDATA[org.testng.TestRunner@1a760689]]>
              </value>
            </param>
          </params>
          <reporter-output>
          </reporter-output>
        </test-method> <!-- setUpClass -->
        <test-method is-config="true" signature="tearDownClass()[pri:0, instance:testRunner.AppTest@cb0755b]" started-at="2024-11-02T08:36:10 IST" name="tearDownClass" finished-at="2024-11-02T08:36:10 IST" duration-ms="3" status="PASS">
          <reporter-output>
          </reporter-output>
        </test-method> <!-- tearDownClass -->
      </class> <!-- testRunner.AppTest -->
    </test> <!-- Default test -->
  </suite> <!-- Default suite -->
</testng-results>
